[32m2023-07-07 10:22:21.643[0;39m [WARN] com.zaxxer.hikari.pool.HikariPool [HikariPool-1 housekeeper] HikariPool-1 - Thread starvation or clock leap detected (housekeeper delta=10h52m47s671ms408µs).
[32m2023-07-07 10:38:23.890[0;39m [INFO] com.nagarro.calculatorproblem.service.impl.OutputTableServiceImpl [scheduling-1] Calculate method executed :: Execution time - 2023-07-07T10:38:23.887580800
[32m2023-07-07 10:38:24.051[0;39m [INFO] com.nagarro.calculatorproblem.service.impl.OutputTableServiceImpl [scheduling-1] successfully calculated for company: CreditSuisse
[32m2023-07-07 10:38:24.138[0;39m [INFO] com.nagarro.calculatorproblem.service.impl.OutputTableServiceImpl [scheduling-1] successfully calculated for company: Infosys
[32m2023-07-07 10:38:24.243[0;39m [INFO] com.nagarro.calculatorproblem.service.impl.OutputTableServiceImpl [scheduling-1] successfully calculated for company: Nagarro
[32m2023-07-07 10:38:24.335[0;39m [INFO] com.nagarro.calculatorproblem.service.impl.OutputTableServiceImpl [scheduling-1] successfully calculated for company: TCS
[32m2023-07-07 10:38:24.410[0;39m [INFO] com.nagarro.calculatorproblem.service.impl.OutputTableServiceImpl [scheduling-1] successfully calculated for company: Wipro
[32m2023-07-07 10:38:24.475[0;39m [INFO] com.nagarro.calculatorproblem.service.impl.OutputTableServiceImpl [scheduling-1] updated database
[32m2023-07-07 10:38:24.529[0;39m [INFO] com.nagarro.calculatorproblem.service.impl.OutputTableServiceImpl [scheduling-1] Calculate method executed :: Execution time - 2023-07-07T10:38:24.529435100
[32m2023-07-07 10:38:24.628[0;39m [INFO] com.nagarro.calculatorproblem.service.impl.OutputTableServiceImpl [scheduling-1] successfully calculated for company: CreditSuisse
[32m2023-07-07 10:38:24.704[0;39m [INFO] com.nagarro.calculatorproblem.service.impl.OutputTableServiceImpl [scheduling-1] successfully calculated for company: Infosys
[32m2023-07-07 10:38:24.768[0;39m [INFO] com.nagarro.calculatorproblem.service.impl.OutputTableServiceImpl [scheduling-1] successfully calculated for company: Nagarro
[32m2023-07-07 10:38:24.844[0;39m [INFO] com.nagarro.calculatorproblem.service.impl.OutputTableServiceImpl [scheduling-1] successfully calculated for company: TCS
[32m2023-07-07 10:38:24.891[0;39m [INFO] com.nagarro.calculatorproblem.service.impl.OutputTableServiceImpl [scheduling-1] successfully calculated for company: Wipro
[32m2023-07-07 10:38:24.907[0;39m [INFO] com.nagarro.calculatorproblem.service.impl.OutputTableServiceImpl [scheduling-1] updated database
[32m2023-07-07 10:38:24.941[0;39m [INFO] com.nagarro.calculatorproblem.service.impl.OutputTableServiceImpl [scheduling-1] Calculate method executed :: Execution time - 2023-07-07T10:38:24.941192300
[32m2023-07-07 10:38:25.026[0;39m [INFO] com.nagarro.calculatorproblem.service.impl.OutputTableServiceImpl [scheduling-1] successfully calculated for company: CreditSuisse
[32m2023-07-07 10:38:25.084[0;39m [INFO] com.nagarro.calculatorproblem.service.impl.OutputTableServiceImpl [scheduling-1] successfully calculated for company: Infosys
[32m2023-07-07 10:38:25.148[0;39m [INFO] com.nagarro.calculatorproblem.service.impl.OutputTableServiceImpl [scheduling-1] successfully calculated for company: Nagarro
[32m2023-07-07 10:38:25.235[0;39m [INFO] com.nagarro.calculatorproblem.service.impl.OutputTableServiceImpl [scheduling-1] successfully calculated for company: TCS
[32m2023-07-07 10:38:25.278[0;39m [INFO] com.nagarro.calculatorproblem.service.impl.OutputTableServiceImpl [scheduling-1] successfully calculated for company: Wipro
[32m2023-07-07 10:38:25.292[0;39m [INFO] com.nagarro.calculatorproblem.service.impl.OutputTableServiceImpl [scheduling-1] updated database
[32m2023-07-07 10:38:25.318[0;39m [INFO] com.nagarro.calculatorproblem.service.impl.OutputTableServiceImpl [scheduling-1] Calculate method executed :: Execution time - 2023-07-07T10:38:25.318676600
[32m2023-07-07 10:38:25.370[0;39m [INFO] com.nagarro.calculatorproblem.service.impl.OutputTableServiceImpl [scheduling-1] successfully calculated for company: CreditSuisse
[32m2023-07-07 10:38:25.424[0;39m [INFO] com.nagarro.calculatorproblem.service.impl.OutputTableServiceImpl [scheduling-1] successfully calculated for company: Infosys
[32m2023-07-07 10:38:25.467[0;39m [INFO] com.nagarro.calculatorproblem.service.impl.OutputTableServiceImpl [scheduling-1] successfully calculated for company: Nagarro
[32m2023-07-07 10:38:25.519[0;39m [INFO] com.nagarro.calculatorproblem.service.impl.OutputTableServiceImpl [scheduling-1] successfully calculated for company: TCS
[32m2023-07-07 10:38:25.584[0;39m [INFO] com.nagarro.calculatorproblem.service.impl.OutputTableServiceImpl [scheduling-1] successfully calculated for company: Wipro
[32m2023-07-07 10:38:25.608[0;39m [INFO] com.nagarro.calculatorproblem.service.impl.OutputTableServiceImpl [scheduling-1] updated database
[32m2023-07-07 10:38:25.657[0;39m [INFO] com.nagarro.calculatorproblem.service.impl.OutputTableServiceImpl [scheduling-1] Calculate method executed :: Execution time - 2023-07-07T10:38:25.657202400
[32m2023-07-07 10:38:25.716[0;39m [INFO] com.nagarro.calculatorproblem.service.impl.OutputTableServiceImpl [scheduling-1] successfully calculated for company: CreditSuisse
[32m2023-07-07 10:38:25.778[0;39m [INFO] com.nagarro.calculatorproblem.service.impl.OutputTableServiceImpl [scheduling-1] successfully calculated for company: Infosys
[32m2023-07-07 10:38:25.832[0;39m [INFO] com.nagarro.calculatorproblem.service.impl.OutputTableServiceImpl [scheduling-1] successfully calculated for company: Nagarro
[32m2023-07-07 10:38:25.898[0;39m [INFO] com.nagarro.calculatorproblem.service.impl.OutputTableServiceImpl [scheduling-1] successfully calculated for company: TCS
[32m2023-07-07 10:38:25.945[0;39m [INFO] com.nagarro.calculatorproblem.service.impl.OutputTableServiceImpl [scheduling-1] successfully calculated for company: Wipro
[32m2023-07-07 10:38:25.958[0;39m [INFO] com.nagarro.calculatorproblem.service.impl.OutputTableServiceImpl [scheduling-1] updated database
[32m2023-07-07 10:38:25.991[0;39m [INFO] com.nagarro.calculatorproblem.service.impl.OutputTableServiceImpl [scheduling-1] Calculate method executed :: Execution time - 2023-07-07T10:38:25.991622800
[32m2023-07-07 10:38:26.059[0;39m [INFO] com.nagarro.calculatorproblem.service.impl.OutputTableServiceImpl [scheduling-1] successfully calculated for company: CreditSuisse
[32m2023-07-07 10:38:26.104[0;39m [INFO] com.nagarro.calculatorproblem.service.impl.OutputTableServiceImpl [scheduling-1] successfully calculated for company: Infosys
[32m2023-07-07 10:38:26.151[0;39m [INFO] com.nagarro.calculatorproblem.service.impl.OutputTableServiceImpl [scheduling-1] successfully calculated for company: Nagarro
[32m2023-07-07 10:38:26.202[0;39m [INFO] com.nagarro.calculatorproblem.service.impl.OutputTableServiceImpl [scheduling-1] successfully calculated for company: TCS
[32m2023-07-07 10:38:26.257[0;39m [INFO] com.nagarro.calculatorproblem.service.impl.OutputTableServiceImpl [scheduling-1] successfully calculated for company: Wipro
[32m2023-07-07 10:38:26.274[0;39m [INFO] com.nagarro.calculatorproblem.service.impl.OutputTableServiceImpl [scheduling-1] updated database
[32m2023-07-07 10:38:26.311[0;39m [INFO] com.nagarro.calculatorproblem.service.impl.OutputTableServiceImpl [scheduling-1] Calculate method executed :: Execution time - 2023-07-07T10:38:26.311995700
[32m2023-07-07 10:38:26.375[0;39m [INFO] com.nagarro.calculatorproblem.service.impl.OutputTableServiceImpl [scheduling-1] successfully calculated for company: CreditSuisse
[32m2023-07-07 10:38:26.435[0;39m [INFO] com.nagarro.calculatorproblem.service.impl.OutputTableServiceImpl [scheduling-1] successfully calculated for company: Infosys
[32m2023-07-07 10:38:26.483[0;39m [INFO] com.nagarro.calculatorproblem.service.impl.OutputTableServiceImpl [scheduling-1] successfully calculated for company: Nagarro
[32m2023-07-07 10:38:26.508[0;39m [INFO] com.nagarro.calculatorproblem.service.impl.OutputTableServiceImpl [scheduling-1] successfully calculated for company: TCS
[32m2023-07-07 10:38:26.537[0;39m [INFO] com.nagarro.calculatorproblem.service.impl.OutputTableServiceImpl [scheduling-1] successfully calculated for company: Wipro
[32m2023-07-07 10:38:26.558[0;39m [INFO] com.nagarro.calculatorproblem.service.impl.OutputTableServiceImpl [scheduling-1] updated database
[32m2023-07-07 10:38:26.597[0;39m [INFO] com.nagarro.calculatorproblem.service.impl.OutputTableServiceImpl [scheduling-1] Calculate method executed :: Execution time - 2023-07-07T10:38:26.597301
[32m2023-07-07 10:38:26.656[0;39m [INFO] com.nagarro.calculatorproblem.service.impl.OutputTableServiceImpl [scheduling-1] successfully calculated for company: CreditSuisse
[32m2023-07-07 10:38:26.706[0;39m [INFO] com.nagarro.calculatorproblem.service.impl.OutputTableServiceImpl [scheduling-1] successfully calculated for company: Infosys
[32m2023-07-07 10:38:26.737[0;39m [INFO] com.nagarro.calculatorproblem.service.impl.OutputTableServiceImpl [scheduling-1] successfully calculated for company: Nagarro
[32m2023-07-07 10:38:26.762[0;39m [INFO] com.nagarro.calculatorproblem.service.impl.OutputTableServiceImpl [scheduling-1] successfully calculated for company: TCS
[32m2023-07-07 10:38:26.791[0;39m [INFO] com.nagarro.calculatorproblem.service.impl.OutputTableServiceImpl [scheduling-1] successfully calculated for company: Wipro
[32m2023-07-07 10:38:26.803[0;39m [INFO] com.nagarro.calculatorproblem.service.impl.OutputTableServiceImpl [scheduling-1] updated database
[32m2023-07-07 10:38:26.839[0;39m [INFO] com.nagarro.calculatorproblem.service.impl.OutputTableServiceImpl [scheduling-1] Calculate method executed :: Execution time - 2023-07-07T10:38:26.839130500
[32m2023-07-07 10:38:26.893[0;39m [INFO] com.nagarro.calculatorproblem.service.impl.OutputTableServiceImpl [scheduling-1] successfully calculated for company: CreditSuisse
[32m2023-07-07 10:38:26.932[0;39m [INFO] com.nagarro.calculatorproblem.service.impl.OutputTableServiceImpl [scheduling-1] successfully calculated for company: Infosys
[32m2023-07-07 10:38:26.959[0;39m [INFO] com.nagarro.calculatorproblem.service.impl.OutputTableServiceImpl [scheduling-1] successfully calculated for company: Nagarro
[32m2023-07-07 10:38:26.987[0;39m [INFO] com.nagarro.calculatorproblem.service.impl.OutputTableServiceImpl [scheduling-1] successfully calculated for company: TCS
[32m2023-07-07 10:38:27.013[0;39m [INFO] com.nagarro.calculatorproblem.service.impl.OutputTableServiceImpl [scheduling-1] successfully calculated for company: Wipro
[32m2023-07-07 10:38:27.029[0;39m [INFO] com.nagarro.calculatorproblem.service.impl.OutputTableServiceImpl [scheduling-1] updated database
[32m2023-07-07 10:38:27.065[0;39m [INFO] com.nagarro.calculatorproblem.service.impl.OutputTableServiceImpl [scheduling-1] Calculate method executed :: Execution time - 2023-07-07T10:38:27.065848100
[32m2023-07-07 10:38:27.117[0;39m [INFO] com.nagarro.calculatorproblem.service.impl.OutputTableServiceImpl [scheduling-1] successfully calculated for company: CreditSuisse
[32m2023-07-07 10:38:27.147[0;39m [INFO] com.nagarro.calculatorproblem.service.impl.OutputTableServiceImpl [scheduling-1] successfully calculated for company: Infosys
[32m2023-07-07 10:38:27.180[0;39m [INFO] com.nagarro.calculatorproblem.service.impl.OutputTableServiceImpl [scheduling-1] successfully calculated for company: Nagarro
[32m2023-07-07 10:38:27.208[0;39m [INFO] com.nagarro.calculatorproblem.service.impl.OutputTableServiceImpl [scheduling-1] successfully calculated for company: TCS
[32m2023-07-07 10:38:27.253[0;39m [INFO] com.nagarro.calculatorproblem.service.impl.OutputTableServiceImpl [scheduling-1] successfully calculated for company: Wipro
[32m2023-07-07 10:38:27.273[0;39m [INFO] com.nagarro.calculatorproblem.service.impl.OutputTableServiceImpl [scheduling-1] updated database
[32m2023-07-07 10:38:27.320[0;39m [INFO] com.nagarro.calculatorproblem.service.impl.OutputTableServiceImpl [scheduling-1] Calculate method executed :: Execution time - 2023-07-07T10:38:27.320629600
[32m2023-07-07 10:38:27.356[0;39m [INFO] com.nagarro.calculatorproblem.service.impl.OutputTableServiceImpl [scheduling-1] successfully calculated for company: CreditSuisse
[32m2023-07-07 10:38:27.390[0;39m [INFO] com.nagarro.calculatorproblem.service.impl.OutputTableServiceImpl [scheduling-1] successfully calculated for company: Infosys
[32m2023-07-07 10:38:27.430[0;39m [INFO] com.nagarro.calculatorproblem.service.impl.OutputTableServiceImpl [scheduling-1] successfully calculated for company: Nagarro
[32m2023-07-07 10:38:27.476[0;39m [INFO] com.nagarro.calculatorproblem.service.impl.OutputTableServiceImpl [scheduling-1] successfully calculated for company: TCS
[32m2023-07-07 10:38:27.517[0;39m [INFO] com.nagarro.calculatorproblem.service.impl.OutputTableServiceImpl [scheduling-1] successfully calculated for company: Wipro
[32m2023-07-07 10:38:27.529[0;39m [INFO] com.nagarro.calculatorproblem.service.impl.OutputTableServiceImpl [scheduling-1] updated database
[32m2023-07-07 10:46:06.162[0;39m [INFO] com.nagarro.calculatorproblem.service.impl.OutputTableServiceImpl [scheduling-1] Calculate method executed :: Execution time - 2023-07-07T10:46:06.162488300
[32m2023-07-07 10:46:06.231[0;39m [INFO] com.nagarro.calculatorproblem.service.impl.OutputTableServiceImpl [scheduling-1] successfully calculated for company: CreditSuisse
[32m2023-07-07 10:46:06.276[0;39m [INFO] com.nagarro.calculatorproblem.service.impl.OutputTableServiceImpl [scheduling-1] successfully calculated for company: Infosys
[32m2023-07-07 10:46:06.320[0;39m [INFO] com.nagarro.calculatorproblem.service.impl.OutputTableServiceImpl [scheduling-1] successfully calculated for company: Nagarro
[32m2023-07-07 10:46:06.364[0;39m [INFO] com.nagarro.calculatorproblem.service.impl.OutputTableServiceImpl [scheduling-1] successfully calculated for company: TCS
[32m2023-07-07 10:46:06.408[0;39m [INFO] com.nagarro.calculatorproblem.service.impl.OutputTableServiceImpl [scheduling-1] successfully calculated for company: Wipro
[32m2023-07-07 10:46:06.430[0;39m [INFO] com.nagarro.calculatorproblem.service.impl.OutputTableServiceImpl [scheduling-1] updated database
[32m2023-07-07 11:03:11.008[0;39m [WARN] com.zaxxer.hikari.pool.HikariPool [HikariPool-1 housekeeper] HikariPool-1 - Thread starvation or clock leap detected (housekeeper delta=4m47s951ms722µs).
[32m2023-07-07 11:11:17.798[0;39m [INFO] org.springframework.orm.jpa.LocalContainerEntityManagerFactoryBean [SpringApplicationShutdownHook] Closing JPA EntityManagerFactory for persistence unit 'default'
[32m2023-07-07 11:11:17.811[0;39m [INFO] com.zaxxer.hikari.HikariDataSource [SpringApplicationShutdownHook] HikariPool-1 - Shutdown initiated...
[32m2023-07-07 11:11:17.833[0;39m [INFO] com.zaxxer.hikari.HikariDataSource [SpringApplicationShutdownHook] HikariPool-1 - Shutdown completed.
